[0.015s] Invoking command in '/home/armoumad/robot_ws/build/robot_arm_simulation': CMAKE_PREFIX_PATH=/opt/ros/humble /usr/bin/cmake --build /home/armoumad/robot_ws/build/robot_arm_simulation -- -j8 -l8
[0.042s] -- Found ament_cmake: 1.3.11 (/opt/ros/humble/share/ament_cmake/cmake)
[0.150s] -- Override CMake install command with custom implementation using symlinks instead of copying resources
[0.155s] -- Found rclcpp: 16.0.12 (/opt/ros/humble/share/rclcpp/cmake)
[0.317s] -- Found rosidl_generator_c: 3.1.6 (/opt/ros/humble/share/rosidl_generator_c/cmake)
[0.319s] -- Found rosidl_adapter: 3.1.6 (/opt/ros/humble/share/rosidl_adapter/cmake)
[0.324s] -- Found rosidl_generator_cpp: 3.1.6 (/opt/ros/humble/share/rosidl_generator_cpp/cmake)
[0.331s] -- Using all available rosidl_typesupport_c: rosidl_typesupport_fastrtps_c;rosidl_typesupport_introspection_c
[0.340s] -- Using all available rosidl_typesupport_cpp: rosidl_typesupport_fastrtps_cpp;rosidl_typesupport_introspection_cpp
[0.363s] -- Found rmw_implementation_cmake: 6.1.2 (/opt/ros/humble/share/rmw_implementation_cmake/cmake)
[0.364s] -- Found rmw_fastrtps_cpp: 6.2.7 (/opt/ros/humble/share/rmw_fastrtps_cpp/cmake)
[6.381s] -- Using RMW implementation 'rmw_fastrtps_cpp' as default
[6.418s] -- Found rclpy: 3.3.16 (/opt/ros/humble/share/rclpy/cmake)
[6.418s] -- Found geometry_msgs: 4.9.0 (/opt/ros/humble/share/geometry_msgs/cmake)
[6.427s] -- Found sensor_msgs: 4.9.0 (/opt/ros/humble/share/sensor_msgs/cmake)
[6.440s] -- Found trajectory_msgs: 4.9.0 (/opt/ros/humble/share/trajectory_msgs/cmake)
[6.452s] -- Found urdf: 2.6.1 (/opt/ros/humble/share/urdf/cmake)
[7.857s] -- Found robot_state_publisher: 3.0.3 (/opt/ros/humble/share/robot_state_publisher/cmake)
[7.860s] -- Found eigen3_cmake_module: 0.1.1 (/opt/ros/humble/share/eigen3_cmake_module/cmake)
[7.861s] -- Ensuring Eigen3 include directory is part of orocos-kdl CMake target
[7.927s] -- Found xacro: 2.0.13 (/opt/ros/humble/share/xacro/cmake)
[7.928s] -- Found gazebo_ros: 3.9.0 (/opt/ros/humble/share/gazebo_ros/cmake)
[7.954s] -- Found DART: /usr/include (Required is at least version "6.6") found components: dart 
[7.976s] -- Found Protobuf: /usr/lib/x86_64-linux-gnu/libprotobuf.so (found version "3.12.4") 
[7.977s] -- Looking for ignition-math6 -- found version 6.15.1
[7.981s] -- Searching for dependencies of ignition-math6
[7.982s] -- Looking for OGRE...
[7.988s] -- Found Ogre Ghadamon (1.9.0)
[7.988s] -- Found OGRE: optimized;/usr/lib/x86_64-linux-gnu/libOgreMain.so;debug;/usr/lib/x86_64-linux-gnu/libOgreMain.so
[7.996s] -- Looking for OGRE_Paging...
[7.996s] -- Found OGRE_Paging: optimized;/usr/lib/x86_64-linux-gnu/libOgrePaging.so;debug;/usr/lib/x86_64-linux-gnu/libOgrePaging.so
[7.996s] -- Looking for OGRE_Terrain...
[7.996s] -- Found OGRE_Terrain: optimized;/usr/lib/x86_64-linux-gnu/libOgreTerrain.so;debug;/usr/lib/x86_64-linux-gnu/libOgreTerrain.so
[7.996s] -- Looking for OGRE_Property...
[7.996s] -- Found OGRE_Property: optimized;/usr/lib/x86_64-linux-gnu/libOgreProperty.so;debug;/usr/lib/x86_64-linux-gnu/libOgreProperty.so
[7.996s] -- Looking for OGRE_RTShaderSystem...
[7.996s] -- Found OGRE_RTShaderSystem: optimized;/usr/lib/x86_64-linux-gnu/libOgreRTShaderSystem.so;debug;/usr/lib/x86_64-linux-gnu/libOgreRTShaderSystem.so
[7.997s] -- Looking for OGRE_Volume...
[7.997s] -- Found OGRE_Volume: optimized;/usr/lib/x86_64-linux-gnu/libOgreVolume.so;debug;/usr/lib/x86_64-linux-gnu/libOgreVolume.so
[7.997s] -- Looking for OGRE_Overlay...
[7.997s] -- Found OGRE_Overlay: optimized;/usr/lib/x86_64-linux-gnu/libOgreOverlay.so;debug;/usr/lib/x86_64-linux-gnu/libOgreOverlay.so
[33.062s] -- Looking for ignition-math6 -- found version 6.15.1
[33.062s] -- Looking for ignition-transport8 -- found version 8.2.1
[33.063s] -- Searching for dependencies of ignition-transport8
[34.466s] -- Found Protobuf: /usr/lib/x86_64-linux-gnu/libprotobuf.so (found suitable version "3.12.4", minimum required is "3") 
[35.922s] -- Config-file not installed for ZeroMQ -- checking for pkg-config
[35.927s] -- Checking for module 'libzmq >= 4'
[35.939s] --   Found libzmq , version 4.3.4
[35.982s] -- Checking for module 'uuid'
[35.996s] --   Found uuid, version 2.37.2
[36.027s] -- Looking for ignition-msgs5 -- found version 5.8.1
[36.028s] -- Searching for dependencies of ignition-msgs5
[37.557s] -- Looking for ignition-math6 -- found version 6.15.1
[37.563s] -- Looking for ignition-msgs5 -- found version 5.8.1
[37.564s] -- Looking for ignition-common3 -- found version 3.14.0
[37.564s] -- Searching for dependencies of ignition-common3
[37.564s] -- Looking for dlfcn.h - found
[37.564s] -- Looking for libdl - found
[37.678s] -- Searching for <ignition-common3> component [graphics]
[37.679s] -- Looking for ignition-common3-graphics -- found version 3.14.0
[37.679s] -- Searching for dependencies of ignition-common3-graphics
[37.679s] -- Looking for ignition-math6 -- found version 6.15.1
[37.680s] -- Looking for ignition-fuel_tools4 -- found version 4.4.0
[37.680s] -- Searching for dependencies of ignition-fuel_tools4
[39.371s] -- Checking for module 'jsoncpp'
[39.382s] --   Found jsoncpp, version 1.9.5
[39.418s] -- Checking for module 'libzip'
[39.430s] --   Found libzip, version 1.7.3
[39.458s] -- Looking for ignition-common3 -- found version 3.14.0
[39.459s] -- Looking for ignition-math6 -- found version 6.15.1
[39.459s] -- Looking for ignition-msgs5 -- found version 5.8.1
[39.460s] -- Gazebo version: 11.10
[39.461s] -- Found rviz2: 11.2.17 (/opt/ros/humble/share/rviz2/cmake)
[39.461s] -- Found ros2_control: 2.51.0 (/opt/ros/humble/share/ros2_control/cmake)
[39.461s] -- Found ros2_controllers: 2.49.1 (/opt/ros/humble/share/ros2_controllers/cmake)
[39.462s] -- Found controller_manager: 2.51.0 (/opt/ros/humble/share/controller_manager/cmake)
[39.523s] -- Found ament_lint_auto: 0.12.12 (/opt/ros/humble/share/ament_lint_auto/cmake)
[39.599s] -- Added test 'copyright' to check source files copyright and LICENSE
[39.600s] -- Added test 'flake8' to check Python code syntax and style conventions
[39.601s] -- Added test 'lint_cmake' to check CMake code style
[39.601s] -- Added test 'pep257' to check Python code against some of the docstring style conventions in PEP 257
[39.602s] -- Added test 'xmllint' to check XML markup files
[39.602s] -- Configuring done
[39.608s] -- Generating done
[39.612s] -- Build files have been written to: /home/armoumad/robot_ws/build/robot_arm_simulation
[39.638s] Invoked command in '/home/armoumad/robot_ws/build/robot_arm_simulation' returned '0': CMAKE_PREFIX_PATH=/opt/ros/humble /usr/bin/cmake --build /home/armoumad/robot_ws/build/robot_arm_simulation -- -j8 -l8
[39.647s] Invoking command in '/home/armoumad/robot_ws/build/robot_arm_simulation': CMAKE_PREFIX_PATH=/opt/ros/humble /usr/bin/cmake --install /home/armoumad/robot_ws/build/robot_arm_simulation
[39.653s] -- Install configuration: ""
[39.653s] -- Execute custom install script
[39.654s] -- Up-to-date symlink: /home/armoumad/robot_ws/install/robot_arm_simulation/share/robot_arm_simulation//launch/combined.launch.py
[39.654s] -- Up-to-date symlink: /home/armoumad/robot_ws/install/robot_arm_simulation/share/robot_arm_simulation//launch/gazebo.launch.py
[39.654s] -- Up-to-date symlink: /home/armoumad/robot_ws/install/robot_arm_simulation/share/robot_arm_simulation//launch/rviz.launch.py
[39.655s] -- Up-to-date symlink: /home/armoumad/robot_ws/install/robot_arm_simulation/share/robot_arm_simulation//urdf/inertial_macros.xacro
[39.655s] -- Up-to-date symlink: /home/armoumad/robot_ws/install/robot_arm_simulation/share/robot_arm_simulation//urdf/robot_arm.urdf.xacro
[39.655s] -- Up-to-date symlink: /home/armoumad/robot_ws/install/robot_arm_simulation/share/robot_arm_simulation//config/arm_controllers.yaml
[39.655s] -- Up-to-date symlink: /home/armoumad/robot_ws/install/robot_arm_simulation/share/robot_arm_simulation//rviz/arm_config.rivz
[39.656s] -- Symlinking: /home/armoumad/robot_ws/install/robot_arm_simulation/share/robot_arm_simulation//worlds/empty.world
[39.664s] -- Symlinking: /home/armoumad/robot_ws/install/robot_arm_simulation/lib/robot_arm_simulation/arm_controller.py
[39.672s] -- Symlinking: /home/armoumad/robot_ws/install/robot_arm_simulation/lib/robot_arm_simulation/joint_positions_publisher.py
[39.681s] -- Symlinking: /home/armoumad/robot_ws/install/robot_arm_simulation/share/ament_index/resource_index/package_run_dependencies/robot_arm_simulation
[39.690s] -- Symlinking: /home/armoumad/robot_ws/install/robot_arm_simulation/share/ament_index/resource_index/parent_prefix_path/robot_arm_simulation
[39.698s] -- Symlinking: /home/armoumad/robot_ws/install/robot_arm_simulation/share/robot_arm_simulation/environment/ament_prefix_path.sh
[39.706s] -- Symlinking: /home/armoumad/robot_ws/install/robot_arm_simulation/share/robot_arm_simulation/environment/ament_prefix_path.dsv
[39.712s] -- Symlinking: /home/armoumad/robot_ws/install/robot_arm_simulation/share/robot_arm_simulation/environment/path.sh
[39.719s] -- Symlinking: /home/armoumad/robot_ws/install/robot_arm_simulation/share/robot_arm_simulation/environment/path.dsv
[39.728s] -- Symlinking: /home/armoumad/robot_ws/install/robot_arm_simulation/share/robot_arm_simulation/local_setup.bash
[39.734s] -- Symlinking: /home/armoumad/robot_ws/install/robot_arm_simulation/share/robot_arm_simulation/local_setup.sh
[39.743s] -- Symlinking: /home/armoumad/robot_ws/install/robot_arm_simulation/share/robot_arm_simulation/local_setup.zsh
[39.750s] -- Symlinking: /home/armoumad/robot_ws/install/robot_arm_simulation/share/robot_arm_simulation/local_setup.dsv
[39.757s] -- Symlinking: /home/armoumad/robot_ws/install/robot_arm_simulation/share/robot_arm_simulation/package.dsv
[39.765s] -- Symlinking: /home/armoumad/robot_ws/install/robot_arm_simulation/share/ament_index/resource_index/packages/robot_arm_simulation
[39.772s] -- Symlinking: /home/armoumad/robot_ws/install/robot_arm_simulation/share/robot_arm_simulation/cmake/robot_arm_simulationConfig.cmake
[39.779s] -- Symlinking: /home/armoumad/robot_ws/install/robot_arm_simulation/share/robot_arm_simulation/cmake/robot_arm_simulationConfig-version.cmake
[39.786s] -- Symlinking: /home/armoumad/robot_ws/install/robot_arm_simulation/share/robot_arm_simulation/package.xml
[39.796s] Invoked command in '/home/armoumad/robot_ws/build/robot_arm_simulation' returned '0': CMAKE_PREFIX_PATH=/opt/ros/humble /usr/bin/cmake --install /home/armoumad/robot_ws/build/robot_arm_simulation
