[0.031s] Invoking command in '/home/armoumad/robot_ws/build/robot_arm_simulation': CMAKE_PREFIX_PATH=${CMAKE_PREFIX_PATH}:/opt/ros/humble /usr/bin/cmake --build /home/armoumad/robot_ws/build/robot_arm_simulation -- -j8 -l8
[0.257s] Invoked command in '/home/armoumad/robot_ws/build/robot_arm_simulation' returned '0': CMAKE_PREFIX_PATH=${CMAKE_PREFIX_PATH}:/opt/ros/humble /usr/bin/cmake --build /home/armoumad/robot_ws/build/robot_arm_simulation -- -j8 -l8
[0.273s] Invoking command in '/home/armoumad/robot_ws/build/robot_arm_simulation': CMAKE_PREFIX_PATH=${CMAKE_PREFIX_PATH}:/opt/ros/humble /usr/bin/cmake --install /home/armoumad/robot_ws/build/robot_arm_simulation
[0.280s] -- Install configuration: ""
[0.282s] -- Execute custom install script
[0.283s] -- Up-to-date symlink: /home/armoumad/robot_ws/install/robot_arm_simulation/share/robot_arm_simulation//launch/combined.launch.py
[0.283s] -- Up-to-date symlink: /home/armoumad/robot_ws/install/robot_arm_simulation/share/robot_arm_simulation//launch/gazebo.launch.py
[0.283s] -- Up-to-date symlink: /home/armoumad/robot_ws/install/robot_arm_simulation/share/robot_arm_simulation//launch/rviz.launch.py
[0.283s] -- Up-to-date symlink: /home/armoumad/robot_ws/install/robot_arm_simulation/share/robot_arm_simulation//urdf/inertial_macros.xacro
[0.283s] -- Up-to-date symlink: /home/armoumad/robot_ws/install/robot_arm_simulation/share/robot_arm_simulation//urdf/robot_arm.urdf.xacro
[0.283s] -- Up-to-date symlink: /home/armoumad/robot_ws/install/robot_arm_simulation/share/robot_arm_simulation//config/arm_controllers.yaml
[0.284s] -- Up-to-date symlink: /home/armoumad/robot_ws/install/robot_arm_simulation/share/robot_arm_simulation//rviz/arm_config.rivz
[0.284s] -- Up-to-date symlink: /home/armoumad/robot_ws/install/robot_arm_simulation/share/robot_arm_simulation//worlds/empty.world
[0.284s] -- Up-to-date symlink: /home/armoumad/robot_ws/install/robot_arm_simulation/lib/robot_arm_simulation/arm_controller.py
[0.284s] -- Up-to-date symlink: /home/armoumad/robot_ws/install/robot_arm_simulation/lib/robot_arm_simulation/joint_positions_publisher.py
[0.284s] -- Up-to-date symlink: /home/armoumad/robot_ws/install/robot_arm_simulation/share/ament_index/resource_index/package_run_dependencies/robot_arm_simulation
[0.284s] -- Up-to-date symlink: /home/armoumad/robot_ws/install/robot_arm_simulation/share/ament_index/resource_index/parent_prefix_path/robot_arm_simulation
[0.285s] -- Up-to-date symlink: /home/armoumad/robot_ws/install/robot_arm_simulation/share/robot_arm_simulation/environment/ament_prefix_path.sh
[0.285s] -- Up-to-date symlink: /home/armoumad/robot_ws/install/robot_arm_simulation/share/robot_arm_simulation/environment/ament_prefix_path.dsv
[0.285s] -- Up-to-date symlink: /home/armoumad/robot_ws/install/robot_arm_simulation/share/robot_arm_simulation/environment/path.sh
[0.285s] -- Up-to-date symlink: /home/armoumad/robot_ws/install/robot_arm_simulation/share/robot_arm_simulation/environment/path.dsv
[0.285s] -- Up-to-date symlink: /home/armoumad/robot_ws/install/robot_arm_simulation/share/robot_arm_simulation/local_setup.bash
[0.285s] -- Up-to-date symlink: /home/armoumad/robot_ws/install/robot_arm_simulation/share/robot_arm_simulation/local_setup.sh
[0.285s] -- Up-to-date symlink: /home/armoumad/robot_ws/install/robot_arm_simulation/share/robot_arm_simulation/local_setup.zsh
[0.285s] -- Up-to-date symlink: /home/armoumad/robot_ws/install/robot_arm_simulation/share/robot_arm_simulation/local_setup.dsv
[0.286s] -- Symlinking: /home/armoumad/robot_ws/install/robot_arm_simulation/share/robot_arm_simulation/package.dsv
[0.294s] -- Up-to-date symlink: /home/armoumad/robot_ws/install/robot_arm_simulation/share/ament_index/resource_index/packages/robot_arm_simulation
[0.295s] -- Up-to-date symlink: /home/armoumad/robot_ws/install/robot_arm_simulation/share/robot_arm_simulation/cmake/robot_arm_simulationConfig.cmake
[0.295s] -- Up-to-date symlink: /home/armoumad/robot_ws/install/robot_arm_simulation/share/robot_arm_simulation/cmake/robot_arm_simulationConfig-version.cmake
[0.295s] -- Up-to-date symlink: /home/armoumad/robot_ws/install/robot_arm_simulation/share/robot_arm_simulation/package.xml
[0.297s] Invoked command in '/home/armoumad/robot_ws/build/robot_arm_simulation' returned '0': CMAKE_PREFIX_PATH=${CMAKE_PREFIX_PATH}:/opt/ros/humble /usr/bin/cmake --install /home/armoumad/robot_ws/build/robot_arm_simulation
