[0.206s] DEBUG:colcon:Command line arguments: ['/usr/bin/colcon', 'build', '--symlink-install']
[0.206s] DEBUG:colcon:Parsed command line arguments: Namespace(log_base=None, log_level=None, verb_name='build', build_base='build', install_base='install', merge_install=False, symlink_install=True, test_result_base=None, continue_on_error=False, executor='parallel', parallel_workers=8, event_handlers=None, ignore_user_meta=False, metas=['./colcon.meta'], base_paths=['.'], packages_ignore=None, packages_ignore_regex=None, paths=None, packages_up_to=None, packages_up_to_regex=None, packages_above=None, packages_above_and_dependencies=None, packages_above_depth=None, packages_select_by_dep=None, packages_skip_by_dep=None, packages_skip_up_to=None, packages_select_build_failed=False, packages_skip_build_finished=False, packages_select_test_failures=False, packages_skip_test_passed=False, packages_select=None, packages_skip=None, packages_select_regex=None, packages_skip_regex=None, packages_start=None, packages_end=None, allow_overriding=[], cmake_args=None, cmake_target=None, cmake_target_skip_unavailable=False, cmake_clean_cache=False, cmake_clean_first=False, cmake_force_configure=False, ament_cmake_args=None, catkin_cmake_args=None, catkin_skip_building_tests=False, verb_parser=<colcon_defaults.argument_parser.defaults.DefaultArgumentsDecorator object at 0x7b3e5001dc00>, verb_extension=<colcon_core.verb.build.BuildVerb object at 0x7b3e50157640>, main=<bound method BuildVerb.main of <colcon_core.verb.build.BuildVerb object at 0x7b3e50157640>>)
[0.346s] Level 1:colcon.colcon_core.package_discovery:discover_packages(colcon_meta) check parameters
[0.346s] Level 1:colcon.colcon_core.package_discovery:discover_packages(recursive) check parameters
[0.346s] Level 1:colcon.colcon_core.package_discovery:discover_packages(ignore) check parameters
[0.346s] Level 1:colcon.colcon_core.package_discovery:discover_packages(path) check parameters
[0.346s] Level 1:colcon.colcon_core.package_discovery:discover_packages(colcon_meta) discover
[0.346s] Level 1:colcon.colcon_core.package_discovery:discover_packages(recursive) discover
[0.346s] INFO:colcon.colcon_core.package_discovery:Crawling recursively for packages in '/home/armoumad/robot_ws'
[0.346s] Level 1:colcon.colcon_core.package_identification:_identify(.) by extensions ['ignore', 'ignore_ament_install']
[0.346s] Level 1:colcon.colcon_core.package_identification:_identify(.) by extension 'ignore'
[0.346s] Level 1:colcon.colcon_core.package_identification:_identify(.) by extension 'ignore_ament_install'
[0.347s] Level 1:colcon.colcon_core.package_identification:_identify(.) by extensions ['colcon_pkg']
[0.347s] Level 1:colcon.colcon_core.package_identification:_identify(.) by extension 'colcon_pkg'
[0.347s] Level 1:colcon.colcon_core.package_identification:_identify(.) by extensions ['colcon_meta']
[0.347s] Level 1:colcon.colcon_core.package_identification:_identify(.) by extension 'colcon_meta'
[0.347s] Level 1:colcon.colcon_core.package_identification:_identify(.) by extensions ['ros']
[0.347s] Level 1:colcon.colcon_core.package_identification:_identify(.) by extension 'ros'
[0.356s] Level 1:colcon.colcon_core.package_identification:_identify(.) by extensions ['cmake', 'python']
[0.356s] Level 1:colcon.colcon_core.package_identification:_identify(.) by extension 'cmake'
[0.356s] Level 1:colcon.colcon_core.package_identification:_identify(.) by extension 'python'
[0.356s] Level 1:colcon.colcon_core.package_identification:_identify(.) by extensions ['python_setup_py']
[0.357s] Level 1:colcon.colcon_core.package_identification:_identify(.) by extension 'python_setup_py'
[0.357s] Level 1:colcon.colcon_core.package_identification:_identify(build) by extensions ['ignore', 'ignore_ament_install']
[0.357s] Level 1:colcon.colcon_core.package_identification:_identify(build) by extension 'ignore'
[0.357s] Level 1:colcon.colcon_core.package_identification:_identify(build) ignored
[0.357s] Level 1:colcon.colcon_core.package_identification:_identify(install) by extensions ['ignore', 'ignore_ament_install']
[0.357s] Level 1:colcon.colcon_core.package_identification:_identify(install) by extension 'ignore'
[0.357s] Level 1:colcon.colcon_core.package_identification:_identify(install) ignored
[0.357s] Level 1:colcon.colcon_core.package_identification:_identify(log) by extensions ['ignore', 'ignore_ament_install']
[0.357s] Level 1:colcon.colcon_core.package_identification:_identify(log) by extension 'ignore'
[0.357s] Level 1:colcon.colcon_core.package_identification:_identify(log) ignored
[0.357s] Level 1:colcon.colcon_core.package_identification:_identify(src) by extensions ['ignore', 'ignore_ament_install']
[0.357s] Level 1:colcon.colcon_core.package_identification:_identify(src) by extension 'ignore'
[0.357s] Level 1:colcon.colcon_core.package_identification:_identify(src) by extension 'ignore_ament_install'
[0.357s] Level 1:colcon.colcon_core.package_identification:_identify(src) by extensions ['colcon_pkg']
[0.357s] Level 1:colcon.colcon_core.package_identification:_identify(src) by extension 'colcon_pkg'
[0.357s] Level 1:colcon.colcon_core.package_identification:_identify(src) by extensions ['colcon_meta']
[0.357s] Level 1:colcon.colcon_core.package_identification:_identify(src) by extension 'colcon_meta'
[0.357s] Level 1:colcon.colcon_core.package_identification:_identify(src) by extensions ['ros']
[0.357s] Level 1:colcon.colcon_core.package_identification:_identify(src) by extension 'ros'
[0.357s] Level 1:colcon.colcon_core.package_identification:_identify(src) by extensions ['cmake', 'python']
[0.357s] Level 1:colcon.colcon_core.package_identification:_identify(src) by extension 'cmake'
[0.357s] Level 1:colcon.colcon_core.package_identification:_identify(src) by extension 'python'
[0.358s] Level 1:colcon.colcon_core.package_identification:_identify(src) by extensions ['python_setup_py']
[0.358s] Level 1:colcon.colcon_core.package_identification:_identify(src) by extension 'python_setup_py'
[0.358s] Level 1:colcon.colcon_core.package_identification:_identify(src/robot_arm_simulation) by extensions ['ignore', 'ignore_ament_install']
[0.358s] Level 1:colcon.colcon_core.package_identification:_identify(src/robot_arm_simulation) by extension 'ignore'
[0.358s] Level 1:colcon.colcon_core.package_identification:_identify(src/robot_arm_simulation) by extension 'ignore_ament_install'
[0.358s] Level 1:colcon.colcon_core.package_identification:_identify(src/robot_arm_simulation) by extensions ['colcon_pkg']
[0.358s] Level 1:colcon.colcon_core.package_identification:_identify(src/robot_arm_simulation) by extension 'colcon_pkg'
[0.358s] Level 1:colcon.colcon_core.package_identification:_identify(src/robot_arm_simulation) by extensions ['colcon_meta']
[0.358s] Level 1:colcon.colcon_core.package_identification:_identify(src/robot_arm_simulation) by extension 'colcon_meta'
[0.358s] Level 1:colcon.colcon_core.package_identification:_identify(src/robot_arm_simulation) by extensions ['ros']
[0.358s] Level 1:colcon.colcon_core.package_identification:_identify(src/robot_arm_simulation) by extension 'ros'
[0.371s] DEBUG:colcon.colcon_core.package_identification:Package 'src/robot_arm_simulation' with type 'ros.ament_cmake' and name 'robot_arm_simulation'
[0.371s] Level 1:colcon.colcon_core.package_discovery:discover_packages(recursive) using defaults
[0.371s] Level 1:colcon.colcon_core.package_discovery:discover_packages(ignore) discover
[0.371s] Level 1:colcon.colcon_core.package_discovery:discover_packages(ignore) using defaults
[0.371s] Level 1:colcon.colcon_core.package_discovery:discover_packages(path) discover
[0.371s] Level 1:colcon.colcon_core.package_discovery:discover_packages(path) using defaults
[0.388s] Level 1:colcon.colcon_core.package_discovery:discover_packages(prefix_path) check parameters
[0.388s] Level 1:colcon.colcon_core.package_discovery:discover_packages(prefix_path) discover
[0.390s] DEBUG:colcon.colcon_installed_package_information.package_discovery:Found 485 installed packages in /opt/ros/humble
[0.392s] Level 1:colcon.colcon_core.package_discovery:discover_packages(prefix_path) using defaults
[0.435s] Level 5:colcon.colcon_core.verb:set package 'robot_arm_simulation' build argument 'cmake_args' from command line to 'None'
[0.435s] Level 5:colcon.colcon_core.verb:set package 'robot_arm_simulation' build argument 'cmake_target' from command line to 'None'
[0.436s] Level 5:colcon.colcon_core.verb:set package 'robot_arm_simulation' build argument 'cmake_target_skip_unavailable' from command line to 'False'
[0.436s] Level 5:colcon.colcon_core.verb:set package 'robot_arm_simulation' build argument 'cmake_clean_cache' from command line to 'False'
[0.436s] Level 5:colcon.colcon_core.verb:set package 'robot_arm_simulation' build argument 'cmake_clean_first' from command line to 'False'
[0.436s] Level 5:colcon.colcon_core.verb:set package 'robot_arm_simulation' build argument 'cmake_force_configure' from command line to 'False'
[0.436s] Level 5:colcon.colcon_core.verb:set package 'robot_arm_simulation' build argument 'ament_cmake_args' from command line to 'None'
[0.436s] Level 5:colcon.colcon_core.verb:set package 'robot_arm_simulation' build argument 'catkin_cmake_args' from command line to 'None'
[0.436s] Level 5:colcon.colcon_core.verb:set package 'robot_arm_simulation' build argument 'catkin_skip_building_tests' from command line to 'False'
[0.436s] DEBUG:colcon.colcon_core.verb:Building package 'robot_arm_simulation' with the following arguments: {'ament_cmake_args': None, 'build_base': '/home/armoumad/robot_ws/build/robot_arm_simulation', 'catkin_cmake_args': None, 'catkin_skip_building_tests': False, 'cmake_args': None, 'cmake_clean_cache': False, 'cmake_clean_first': False, 'cmake_force_configure': False, 'cmake_target': None, 'cmake_target_skip_unavailable': False, 'install_base': '/home/armoumad/robot_ws/install/robot_arm_simulation', 'merge_install': False, 'path': '/home/armoumad/robot_ws/src/robot_arm_simulation', 'symlink_install': True, 'test_result_base': None}
[0.436s] INFO:colcon.colcon_core.executor:Executing jobs using 'parallel' executor
[0.437s] DEBUG:colcon.colcon_parallel_executor.executor.parallel:run_until_complete
[0.438s] INFO:colcon.colcon_ros.task.ament_cmake.build:Building ROS package in '/home/armoumad/robot_ws/src/robot_arm_simulation' with build type 'ament_cmake'
[0.438s] INFO:colcon.colcon_cmake.task.cmake.build:Building CMake package in '/home/armoumad/robot_ws/src/robot_arm_simulation'
[0.440s] INFO:colcon.colcon_core.plugin_system:Skipping extension 'colcon_core.shell.bat': Not used on non-Windows systems
[0.440s] INFO:colcon.colcon_core.shell:Skip shell extension 'powershell' for command environment: Not usable outside of PowerShell
[0.440s] DEBUG:colcon.colcon_core.shell:Skip shell extension 'dsv' for command environment
[0.457s] DEBUG:colcon.colcon_core.event_handler.log_command:Invoking command in '/home/armoumad/robot_ws/build/robot_arm_simulation': CMAKE_PREFIX_PATH=/opt/ros/humble /usr/bin/cmake --build /home/armoumad/robot_ws/build/robot_arm_simulation -- -j8 -l8
[0.597s] DEBUG:colcon.colcon_core.event_handler.log_command:Invoked command in '/home/armoumad/robot_ws/build/robot_arm_simulation' returned '0': CMAKE_PREFIX_PATH=/opt/ros/humble /usr/bin/cmake --build /home/armoumad/robot_ws/build/robot_arm_simulation -- -j8 -l8
[0.609s] DEBUG:colcon.colcon_core.event_handler.log_command:Invoking command in '/home/armoumad/robot_ws/build/robot_arm_simulation': CMAKE_PREFIX_PATH=/opt/ros/humble /usr/bin/cmake --install /home/armoumad/robot_ws/build/robot_arm_simulation
[0.647s] Level 1:colcon.colcon_core.environment:create_environment_scripts_only(robot_arm_simulation)
[0.647s] DEBUG:colcon.colcon_core.event_handler.log_command:Invoked command in '/home/armoumad/robot_ws/build/robot_arm_simulation' returned '0': CMAKE_PREFIX_PATH=/opt/ros/humble /usr/bin/cmake --install /home/armoumad/robot_ws/build/robot_arm_simulation
[0.650s] Level 1:colcon.colcon_core.environment:checking '/home/armoumad/robot_ws/install/robot_arm_simulation' for CMake module files
[0.650s] Level 1:colcon.colcon_core.environment:checking '/home/armoumad/robot_ws/install/robot_arm_simulation' for CMake config files
[0.651s] Level 1:colcon.colcon_core.shell:create_environment_hook('robot_arm_simulation', 'cmake_prefix_path')
[0.651s] INFO:colcon.colcon_core.shell:Creating environment hook '/home/armoumad/robot_ws/install/robot_arm_simulation/share/robot_arm_simulation/hook/cmake_prefix_path.ps1'
[0.652s] INFO:colcon.colcon_core.shell:Creating environment descriptor '/home/armoumad/robot_ws/install/robot_arm_simulation/share/robot_arm_simulation/hook/cmake_prefix_path.dsv'
[0.652s] INFO:colcon.colcon_core.shell:Creating environment hook '/home/armoumad/robot_ws/install/robot_arm_simulation/share/robot_arm_simulation/hook/cmake_prefix_path.sh'
[0.653s] Level 1:colcon.colcon_core.environment:checking '/home/armoumad/robot_ws/install/robot_arm_simulation/lib'
[0.653s] Level 1:colcon.colcon_core.environment:checking '/home/armoumad/robot_ws/install/robot_arm_simulation/bin'
[0.653s] Level 1:colcon.colcon_core.environment:checking '/home/armoumad/robot_ws/install/robot_arm_simulation/lib/pkgconfig/robot_arm_simulation.pc'
[0.653s] Level 1:colcon.colcon_core.environment:checking '/home/armoumad/robot_ws/install/robot_arm_simulation/lib/python3.10/site-packages'
[0.653s] Level 1:colcon.colcon_core.environment:checking '/home/armoumad/robot_ws/install/robot_arm_simulation/bin'
[0.653s] INFO:colcon.colcon_core.shell:Creating package script '/home/armoumad/robot_ws/install/robot_arm_simulation/share/robot_arm_simulation/package.ps1'
[0.654s] INFO:colcon.colcon_core.shell:Creating package descriptor '/home/armoumad/robot_ws/install/robot_arm_simulation/share/robot_arm_simulation/package.dsv'
[0.654s] INFO:colcon.colcon_core.shell:Creating package script '/home/armoumad/robot_ws/install/robot_arm_simulation/share/robot_arm_simulation/package.sh'
[0.655s] INFO:colcon.colcon_core.shell:Creating package script '/home/armoumad/robot_ws/install/robot_arm_simulation/share/robot_arm_simulation/package.bash'
[0.655s] INFO:colcon.colcon_core.shell:Creating package script '/home/armoumad/robot_ws/install/robot_arm_simulation/share/robot_arm_simulation/package.zsh'
[0.656s] Level 1:colcon.colcon_core.environment:create_file_with_runtime_dependencies(/home/armoumad/robot_ws/install/robot_arm_simulation/share/colcon-core/packages/robot_arm_simulation)
[0.657s] Level 1:colcon.colcon_core.environment:create_environment_scripts_only(robot_arm_simulation)
[0.657s] Level 1:colcon.colcon_core.environment:checking '/home/armoumad/robot_ws/install/robot_arm_simulation' for CMake module files
[0.657s] Level 1:colcon.colcon_core.environment:checking '/home/armoumad/robot_ws/install/robot_arm_simulation' for CMake config files
[0.657s] Level 1:colcon.colcon_core.shell:create_environment_hook('robot_arm_simulation', 'cmake_prefix_path')
[0.657s] INFO:colcon.colcon_core.shell:Creating environment hook '/home/armoumad/robot_ws/install/robot_arm_simulation/share/robot_arm_simulation/hook/cmake_prefix_path.ps1'
[0.658s] INFO:colcon.colcon_core.shell:Creating environment descriptor '/home/armoumad/robot_ws/install/robot_arm_simulation/share/robot_arm_simulation/hook/cmake_prefix_path.dsv'
[0.658s] INFO:colcon.colcon_core.shell:Creating environment hook '/home/armoumad/robot_ws/install/robot_arm_simulation/share/robot_arm_simulation/hook/cmake_prefix_path.sh'
[0.658s] Level 1:colcon.colcon_core.environment:checking '/home/armoumad/robot_ws/install/robot_arm_simulation/lib'
[0.659s] Level 1:colcon.colcon_core.environment:checking '/home/armoumad/robot_ws/install/robot_arm_simulation/bin'
[0.659s] Level 1:colcon.colcon_core.environment:checking '/home/armoumad/robot_ws/install/robot_arm_simulation/lib/pkgconfig/robot_arm_simulation.pc'
[0.659s] Level 1:colcon.colcon_core.environment:checking '/home/armoumad/robot_ws/install/robot_arm_simulation/lib/python3.10/site-packages'
[0.659s] Level 1:colcon.colcon_core.environment:checking '/home/armoumad/robot_ws/install/robot_arm_simulation/bin'
[0.659s] INFO:colcon.colcon_core.shell:Creating package script '/home/armoumad/robot_ws/install/robot_arm_simulation/share/robot_arm_simulation/package.ps1'
[0.659s] INFO:colcon.colcon_core.shell:Creating package descriptor '/home/armoumad/robot_ws/install/robot_arm_simulation/share/robot_arm_simulation/package.dsv'
[0.660s] INFO:colcon.colcon_core.shell:Creating package script '/home/armoumad/robot_ws/install/robot_arm_simulation/share/robot_arm_simulation/package.sh'
[0.660s] INFO:colcon.colcon_core.shell:Creating package script '/home/armoumad/robot_ws/install/robot_arm_simulation/share/robot_arm_simulation/package.bash'
[0.660s] INFO:colcon.colcon_core.shell:Creating package script '/home/armoumad/robot_ws/install/robot_arm_simulation/share/robot_arm_simulation/package.zsh'
[0.661s] Level 1:colcon.colcon_core.environment:create_file_with_runtime_dependencies(/home/armoumad/robot_ws/install/robot_arm_simulation/share/colcon-core/packages/robot_arm_simulation)
[0.661s] DEBUG:colcon.colcon_parallel_executor.executor.parallel:closing loop
[0.662s] DEBUG:colcon.colcon_parallel_executor.executor.parallel:loop closed
[0.662s] DEBUG:colcon.colcon_parallel_executor.executor.parallel:run_until_complete finished with '0'
[0.662s] DEBUG:colcon.colcon_core.event_reactor:joining thread
[0.669s] INFO:colcon.colcon_core.plugin_system:Skipping extension 'colcon_notification.desktop_notification.terminal_notifier': Not used on non-Darwin systems
[0.669s] INFO:colcon.colcon_core.plugin_system:Skipping extension 'colcon_notification.desktop_notification.win32': Not used on non-Windows systems
[0.669s] INFO:colcon.colcon_notification.desktop_notification:Sending desktop notification using 'notify2'
[0.670s] DEBUG:colcon.colcon_notification.desktop_notification.notify2:Failed to initialize notify2: org.freedesktop.DBus.Error.ServiceUnknown: The name org.freedesktop.Notifications was not provided by any .service files
[0.670s] DEBUG:colcon.colcon_core.event_reactor:joined thread
[0.671s] INFO:colcon.colcon_core.shell:Creating prefix script '/home/armoumad/robot_ws/install/local_setup.ps1'
[0.672s] INFO:colcon.colcon_core.shell:Creating prefix util module '/home/armoumad/robot_ws/install/_local_setup_util_ps1.py'
[0.673s] INFO:colcon.colcon_core.shell:Creating prefix chain script '/home/armoumad/robot_ws/install/setup.ps1'
[0.673s] INFO:colcon.colcon_core.shell:Creating prefix script '/home/armoumad/robot_ws/install/local_setup.sh'
[0.674s] INFO:colcon.colcon_core.shell:Creating prefix util module '/home/armoumad/robot_ws/install/_local_setup_util_sh.py'
[0.674s] INFO:colcon.colcon_core.shell:Creating prefix chain script '/home/armoumad/robot_ws/install/setup.sh'
[0.675s] INFO:colcon.colcon_core.shell:Creating prefix script '/home/armoumad/robot_ws/install/local_setup.bash'
[0.676s] INFO:colcon.colcon_core.shell:Creating prefix chain script '/home/armoumad/robot_ws/install/setup.bash'
[0.676s] INFO:colcon.colcon_core.shell:Creating prefix script '/home/armoumad/robot_ws/install/local_setup.zsh'
[0.676s] INFO:colcon.colcon_core.shell:Creating prefix chain script '/home/armoumad/robot_ws/install/setup.zsh'
