[0.017s] Invoking command in '/home/armoumad/robot_ws/build/robot_arm_simulation': CMAKE_PREFIX_PATH=${CMAKE_PREFIX_PATH}:/opt/ros/humble /usr/bin/cmake /home/armoumad/robot_ws/src/robot_arm_simulation -DAMENT_CMAKE_SYMLINK_INSTALL=1 -DCMAKE_INSTALL_PREFIX=/home/armoumad/robot_ws/install/robot_arm_simulation
[0.041s] -- Found ament_cmake: 1.3.11 (/opt/ros/humble/share/ament_cmake/cmake)
[0.187s] -- Override CMake install command with custom implementation using symlinks instead of copying resources
[0.212s] -- Found rclcpp: 16.0.12 (/opt/ros/humble/share/rclcpp/cmake)
[0.472s] -- Found rosidl_generator_c: 3.1.6 (/opt/ros/humble/share/rosidl_generator_c/cmake)
[0.476s] -- Found rosidl_adapter: 3.1.6 (/opt/ros/humble/share/rosidl_adapter/cmake)
[0.485s] -- Found rosidl_generator_cpp: 3.1.6 (/opt/ros/humble/share/rosidl_generator_cpp/cmake)
[0.498s] -- Using all available rosidl_typesupport_c: rosidl_typesupport_fastrtps_c;rosidl_typesupport_introspection_c
[0.516s] -- Using all available rosidl_typesupport_cpp: rosidl_typesupport_fastrtps_cpp;rosidl_typesupport_introspection_cpp
[0.570s] -- Found rmw_implementation_cmake: 6.1.2 (/opt/ros/humble/share/rmw_implementation_cmake/cmake)
[0.573s] -- Found rmw_fastrtps_cpp: 6.2.7 (/opt/ros/humble/share/rmw_fastrtps_cpp/cmake)
[7.580s] -- Using RMW implementation 'rmw_fastrtps_cpp' as default
[7.653s] -- Found rclpy: 3.3.16 (/opt/ros/humble/share/rclpy/cmake)
[7.654s] -- Found geometry_msgs: 4.9.0 (/opt/ros/humble/share/geometry_msgs/cmake)
[7.673s] -- Found sensor_msgs: 4.9.0 (/opt/ros/humble/share/sensor_msgs/cmake)
[7.693s] -- Found trajectory_msgs: 4.9.0 (/opt/ros/humble/share/trajectory_msgs/cmake)
[7.717s] -- Found urdf: 2.6.1 (/opt/ros/humble/share/urdf/cmake)
[9.374s] -- Found robot_state_publisher: 3.0.3 (/opt/ros/humble/share/robot_state_publisher/cmake)
[9.383s] -- Found eigen3_cmake_module: 0.1.1 (/opt/ros/humble/share/eigen3_cmake_module/cmake)
[9.384s] -- Ensuring Eigen3 include directory is part of orocos-kdl CMake target
[9.501s] -- Found xacro: 2.0.13 (/opt/ros/humble/share/xacro/cmake)
[9.502s] -- Found gazebo_ros: 3.9.0 (/opt/ros/humble/share/gazebo_ros/cmake)
[9.551s] -- Found DART: /usr/include (Required is at least version "6.6") found components: dart 
[9.622s] -- Found Protobuf: /usr/lib/x86_64-linux-gnu/libprotobuf.so (found version "3.12.4") 
[9.625s] -- Looking for ignition-math6 -- found version 6.15.1
[9.634s] -- Searching for dependencies of ignition-math6
[9.638s] -- Looking for OGRE...
[9.646s] -- Found Ogre Ghadamon (1.9.0)
[9.646s] -- Found OGRE: optimized;/usr/lib/x86_64-linux-gnu/libOgreMain.so;debug;/usr/lib/x86_64-linux-gnu/libOgreMain.so
[9.656s] -- Looking for OGRE_Paging...
[9.656s] -- Found OGRE_Paging: optimized;/usr/lib/x86_64-linux-gnu/libOgrePaging.so;debug;/usr/lib/x86_64-linux-gnu/libOgrePaging.so
[9.656s] -- Looking for OGRE_Terrain...
[9.656s] -- Found OGRE_Terrain: optimized;/usr/lib/x86_64-linux-gnu/libOgreTerrain.so;debug;/usr/lib/x86_64-linux-gnu/libOgreTerrain.so
[9.656s] -- Looking for OGRE_Property...
[9.657s] -- Found OGRE_Property: optimized;/usr/lib/x86_64-linux-gnu/libOgreProperty.so;debug;/usr/lib/x86_64-linux-gnu/libOgreProperty.so
[9.657s] -- Looking for OGRE_RTShaderSystem...
[9.657s] -- Found OGRE_RTShaderSystem: optimized;/usr/lib/x86_64-linux-gnu/libOgreRTShaderSystem.so;debug;/usr/lib/x86_64-linux-gnu/libOgreRTShaderSystem.so
[9.657s] -- Looking for OGRE_Volume...
[9.657s] -- Found OGRE_Volume: optimized;/usr/lib/x86_64-linux-gnu/libOgreVolume.so;debug;/usr/lib/x86_64-linux-gnu/libOgreVolume.so
[9.657s] -- Looking for OGRE_Overlay...
[9.657s] -- Found OGRE_Overlay: optimized;/usr/lib/x86_64-linux-gnu/libOgreOverlay.so;debug;/usr/lib/x86_64-linux-gnu/libOgreOverlay.so
[37.841s] -- Looking for ignition-math6 -- found version 6.15.1
[37.842s] -- Looking for ignition-transport8 -- found version 8.2.1
[37.842s] -- Searching for dependencies of ignition-transport8
[39.453s] -- Found Protobuf: /usr/lib/x86_64-linux-gnu/libprotobuf.so (found suitable version "3.12.4", minimum required is "3") 
[41.072s] -- Config-file not installed for ZeroMQ -- checking for pkg-config
[41.076s] -- Checking for module 'libzmq >= 4'
[41.098s] --   Found libzmq , version 4.3.4
[41.139s] -- Checking for module 'uuid'
[41.154s] --   Found uuid, version 2.37.2
[41.189s] -- Looking for ignition-msgs5 -- found version 5.8.1
[41.190s] -- Searching for dependencies of ignition-msgs5
[42.821s] -- Looking for ignition-math6 -- found version 6.15.1
[42.830s] -- Looking for ignition-msgs5 -- found version 5.8.1
[42.831s] -- Looking for ignition-common3 -- found version 3.14.0
[42.831s] -- Searching for dependencies of ignition-common3
[42.832s] -- Looking for dlfcn.h - found
[42.832s] -- Looking for libdl - found
[42.954s] -- Searching for <ignition-common3> component [graphics]
[42.955s] -- Looking for ignition-common3-graphics -- found version 3.14.0
[42.956s] -- Searching for dependencies of ignition-common3-graphics
[42.956s] -- Looking for ignition-math6 -- found version 6.15.1
[42.959s] -- Looking for ignition-fuel_tools4 -- found version 4.4.0
[42.959s] -- Searching for dependencies of ignition-fuel_tools4
[44.823s] -- Checking for module 'jsoncpp'
[44.836s] --   Found jsoncpp, version 1.9.5
[44.871s] -- Checking for module 'libzip'
[44.884s] --   Found libzip, version 1.7.3
[44.914s] -- Looking for ignition-common3 -- found version 3.14.0
[44.914s] -- Looking for ignition-math6 -- found version 6.15.1
[44.915s] -- Looking for ignition-msgs5 -- found version 5.8.1
[44.920s] -- Gazebo version: 11.10
[44.921s] -- Found rviz2: 11.2.17 (/opt/ros/humble/share/rviz2/cmake)
[44.923s] -- Found ros2_control: 2.51.0 (/opt/ros/humble/share/ros2_control/cmake)
[44.924s] -- Found ros2_controllers: 2.49.1 (/opt/ros/humble/share/ros2_controllers/cmake)
[44.924s] -- Found controller_manager: 2.51.0 (/opt/ros/humble/share/controller_manager/cmake)
[45.025s] -- Found ament_lint_auto: 0.12.12 (/opt/ros/humble/share/ament_lint_auto/cmake)
[45.124s] -- Added test 'copyright' to check source files copyright and LICENSE
[45.129s] -- Added test 'flake8' to check Python code syntax and style conventions
[45.130s] -- Added test 'lint_cmake' to check CMake code style
[45.130s] -- Added test 'pep257' to check Python code against some of the docstring style conventions in PEP 257
[45.132s] -- Added test 'xmllint' to check XML markup files
[45.136s] -- Configuring done
[45.152s] -- Generating done
[45.158s] -- Build files have been written to: /home/armoumad/robot_ws/build/robot_arm_simulation
[45.173s] Invoked command in '/home/armoumad/robot_ws/build/robot_arm_simulation' returned '0': CMAKE_PREFIX_PATH=${CMAKE_PREFIX_PATH}:/opt/ros/humble /usr/bin/cmake /home/armoumad/robot_ws/src/robot_arm_simulation -DAMENT_CMAKE_SYMLINK_INSTALL=1 -DCMAKE_INSTALL_PREFIX=/home/armoumad/robot_ws/install/robot_arm_simulation
[45.176s] Invoking command in '/home/armoumad/robot_ws/build/robot_arm_simulation': CMAKE_PREFIX_PATH=${CMAKE_PREFIX_PATH}:/opt/ros/humble /usr/bin/cmake --build /home/armoumad/robot_ws/build/robot_arm_simulation -- -j8 -l8
[45.217s] Invoked command in '/home/armoumad/robot_ws/build/robot_arm_simulation' returned '0': CMAKE_PREFIX_PATH=${CMAKE_PREFIX_PATH}:/opt/ros/humble /usr/bin/cmake --build /home/armoumad/robot_ws/build/robot_arm_simulation -- -j8 -l8
[45.227s] Invoking command in '/home/armoumad/robot_ws/build/robot_arm_simulation': CMAKE_PREFIX_PATH=${CMAKE_PREFIX_PATH}:/opt/ros/humble /usr/bin/cmake --install /home/armoumad/robot_ws/build/robot_arm_simulation
[45.233s] -- Install configuration: ""
[45.234s] -- Execute custom install script
[45.234s] -- Up-to-date symlink: /home/armoumad/robot_ws/install/robot_arm_simulation/share/robot_arm_simulation//launch/combined.launch.py
[45.234s] -- Up-to-date symlink: /home/armoumad/robot_ws/install/robot_arm_simulation/share/robot_arm_simulation//launch/gazebo.launch.py
[45.234s] -- Up-to-date symlink: /home/armoumad/robot_ws/install/robot_arm_simulation/share/robot_arm_simulation//launch/rviz.launch.py
[45.234s] -- Up-to-date symlink: /home/armoumad/robot_ws/install/robot_arm_simulation/share/robot_arm_simulation//urdf/inertial_macros.xacro
[45.234s] -- Up-to-date symlink: /home/armoumad/robot_ws/install/robot_arm_simulation/share/robot_arm_simulation//urdf/robot_arm.urdf.xacro
[45.235s] -- Up-to-date symlink: /home/armoumad/robot_ws/install/robot_arm_simulation/share/robot_arm_simulation//config/arm_controllers.yaml
[45.235s] -- Up-to-date symlink: /home/armoumad/robot_ws/install/robot_arm_simulation/share/robot_arm_simulation//rviz/arm_config.rivz
[45.235s] -- Up-to-date symlink: /home/armoumad/robot_ws/install/robot_arm_simulation/share/robot_arm_simulation//worlds/empty.world
[45.235s] -- Up-to-date symlink: /home/armoumad/robot_ws/install/robot_arm_simulation/lib/robot_arm_simulation/arm_controller.py
[45.235s] -- Up-to-date symlink: /home/armoumad/robot_ws/install/robot_arm_simulation/lib/robot_arm_simulation/joint_positions_publisher.py
[45.235s] -- Up-to-date symlink: /home/armoumad/robot_ws/install/robot_arm_simulation/share/ament_index/resource_index/package_run_dependencies/robot_arm_simulation
[45.236s] -- Up-to-date symlink: /home/armoumad/robot_ws/install/robot_arm_simulation/share/ament_index/resource_index/parent_prefix_path/robot_arm_simulation
[45.236s] -- Up-to-date symlink: /home/armoumad/robot_ws/install/robot_arm_simulation/share/robot_arm_simulation/environment/ament_prefix_path.sh
[45.236s] -- Up-to-date symlink: /home/armoumad/robot_ws/install/robot_arm_simulation/share/robot_arm_simulation/environment/ament_prefix_path.dsv
[45.236s] -- Up-to-date symlink: /home/armoumad/robot_ws/install/robot_arm_simulation/share/robot_arm_simulation/environment/path.sh
[45.236s] -- Up-to-date symlink: /home/armoumad/robot_ws/install/robot_arm_simulation/share/robot_arm_simulation/environment/path.dsv
[45.237s] -- Up-to-date symlink: /home/armoumad/robot_ws/install/robot_arm_simulation/share/robot_arm_simulation/local_setup.bash
[45.237s] -- Up-to-date symlink: /home/armoumad/robot_ws/install/robot_arm_simulation/share/robot_arm_simulation/local_setup.sh
[45.237s] -- Up-to-date symlink: /home/armoumad/robot_ws/install/robot_arm_simulation/share/robot_arm_simulation/local_setup.zsh
[45.237s] -- Up-to-date symlink: /home/armoumad/robot_ws/install/robot_arm_simulation/share/robot_arm_simulation/local_setup.dsv
[45.237s] -- Symlinking: /home/armoumad/robot_ws/install/robot_arm_simulation/share/robot_arm_simulation/package.dsv
[45.245s] -- Up-to-date symlink: /home/armoumad/robot_ws/install/robot_arm_simulation/share/ament_index/resource_index/packages/robot_arm_simulation
[45.246s] -- Up-to-date symlink: /home/armoumad/robot_ws/install/robot_arm_simulation/share/robot_arm_simulation/cmake/robot_arm_simulationConfig.cmake
[45.246s] -- Up-to-date symlink: /home/armoumad/robot_ws/install/robot_arm_simulation/share/robot_arm_simulation/cmake/robot_arm_simulationConfig-version.cmake
[45.246s] -- Up-to-date symlink: /home/armoumad/robot_ws/install/robot_arm_simulation/share/robot_arm_simulation/package.xml
[45.248s] Invoked command in '/home/armoumad/robot_ws/build/robot_arm_simulation' returned '0': CMAKE_PREFIX_PATH=${CMAKE_PREFIX_PATH}:/opt/ros/humble /usr/bin/cmake --install /home/armoumad/robot_ws/build/robot_arm_simulation
