[0.026s] Invoking command in '/home/armoumad/robot_ws/build/robot_arm_simulation': CMAKE_PREFIX_PATH=${CMAKE_PREFIX_PATH}:/opt/ros/humble /usr/bin/cmake --build /home/armoumad/robot_ws/build/robot_arm_simulation -- -j8 -l8
[0.216s] Invoked command in '/home/armoumad/robot_ws/build/robot_arm_simulation' returned '0': CMAKE_PREFIX_PATH=${CMAKE_PREFIX_PATH}:/opt/ros/humble /usr/bin/cmake --build /home/armoumad/robot_ws/build/robot_arm_simulation -- -j8 -l8
[0.230s] Invoking command in '/home/armoumad/robot_ws/build/robot_arm_simulation': CMAKE_PREFIX_PATH=${CMAKE_PREFIX_PATH}:/opt/ros/humble /usr/bin/cmake --install /home/armoumad/robot_ws/build/robot_arm_simulation
[0.238s] -- Install configuration: ""
[0.240s] -- Execute custom install script
[0.242s] -- Up-to-date symlink: /home/armoumad/robot_ws/install/robot_arm_simulation/share/robot_arm_simulation//launch/combined.launch.py
[0.242s] -- Up-to-date symlink: /home/armoumad/robot_ws/install/robot_arm_simulation/share/robot_arm_simulation//launch/gazebo.launch.py
[0.243s] -- Up-to-date symlink: /home/armoumad/robot_ws/install/robot_arm_simulation/share/robot_arm_simulation//launch/rviz.launch.py
[0.245s] -- Up-to-date symlink: /home/armoumad/robot_ws/install/robot_arm_simulation/share/robot_arm_simulation//meshes/arm_base.dae
[0.245s] -- Up-to-date symlink: /home/armoumad/robot_ws/install/robot_arm_simulation/share/robot_arm_simulation//meshes/arm_base.dae:Zone.Identifier
[0.246s] -- Up-to-date symlink: /home/armoumad/robot_ws/install/robot_arm_simulation/share/robot_arm_simulation//meshes/arm_base.stl
[0.246s] -- Up-to-date symlink: /home/armoumad/robot_ws/install/robot_arm_simulation/share/robot_arm_simulation//meshes/arm_base.stl:Zone.Identifier
[0.247s] -- Up-to-date symlink: /home/armoumad/robot_ws/install/robot_arm_simulation/share/robot_arm_simulation//meshes/elbow_link.dae
[0.247s] -- Up-to-date symlink: /home/armoumad/robot_ws/install/robot_arm_simulation/share/robot_arm_simulation//meshes/elbow_link.dae:Zone.Identifier
[0.248s] -- Up-to-date symlink: /home/armoumad/robot_ws/install/robot_arm_simulation/share/robot_arm_simulation//meshes/forearm.dae
[0.248s] -- Up-to-date symlink: /home/armoumad/robot_ws/install/robot_arm_simulation/share/robot_arm_simulation//meshes/forearm.dae:Zone.Identifier
[0.248s] -- Up-to-date symlink: /home/armoumad/robot_ws/install/robot_arm_simulation/share/robot_arm_simulation//meshes/gripper_base.dae
[0.249s] -- Up-to-date symlink: /home/armoumad/robot_ws/install/robot_arm_simulation/share/robot_arm_simulation//meshes/gripper_base.dae:Zone.Identifier
[0.249s] -- Up-to-date symlink: /home/armoumad/robot_ws/install/robot_arm_simulation/share/robot_arm_simulation//meshes/gripper_base.dae:Zone.Identifier:Zone.Identifier
[0.249s] -- Up-to-date symlink: /home/armoumad/robot_ws/install/robot_arm_simulation/share/robot_arm_simulation//meshes/gripper_left1.dae
[0.249s] -- Up-to-date symlink: /home/armoumad/robot_ws/install/robot_arm_simulation/share/robot_arm_simulation//meshes/gripper_left1.dae:Zone.Identifier
[0.250s] -- Up-to-date symlink: /home/armoumad/robot_ws/install/robot_arm_simulation/share/robot_arm_simulation//meshes/gripper_left1.dae:Zone.Identifier:Zone.Identifier
[0.250s] -- Up-to-date symlink: /home/armoumad/robot_ws/install/robot_arm_simulation/share/robot_arm_simulation//meshes/gripper_left2.dae
[0.250s] -- Up-to-date symlink: /home/armoumad/robot_ws/install/robot_arm_simulation/share/robot_arm_simulation//meshes/gripper_left2.dae:Zone.Identifier
[0.251s] -- Up-to-date symlink: /home/armoumad/robot_ws/install/robot_arm_simulation/share/robot_arm_simulation//meshes/gripper_left2.dae:Zone.Identifier:Zone.Identifier
[0.251s] -- Up-to-date symlink: /home/armoumad/robot_ws/install/robot_arm_simulation/share/robot_arm_simulation//meshes/gripper_left3.dae
[0.251s] -- Up-to-date symlink: /home/armoumad/robot_ws/install/robot_arm_simulation/share/robot_arm_simulation//meshes/gripper_left3.dae:Zone.Identifier
[0.251s] -- Up-to-date symlink: /home/armoumad/robot_ws/install/robot_arm_simulation/share/robot_arm_simulation//meshes/gripper_left3.dae:Zone.Identifier:Zone.Identifier
[0.252s] -- Up-to-date symlink: /home/armoumad/robot_ws/install/robot_arm_simulation/share/robot_arm_simulation//meshes/gripper_right1.dae
[0.252s] -- Up-to-date symlink: /home/armoumad/robot_ws/install/robot_arm_simulation/share/robot_arm_simulation//meshes/gripper_right1.dae:Zone.Identifier
[0.253s] -- Up-to-date symlink: /home/armoumad/robot_ws/install/robot_arm_simulation/share/robot_arm_simulation//meshes/gripper_right1.dae:Zone.Identifier:Zone.Identifier
[0.253s] -- Up-to-date symlink: /home/armoumad/robot_ws/install/robot_arm_simulation/share/robot_arm_simulation//meshes/gripper_right2.dae
[0.253s] -- Up-to-date symlink: /home/armoumad/robot_ws/install/robot_arm_simulation/share/robot_arm_simulation//meshes/gripper_right2.dae:Zone.Identifier
[0.254s] -- Up-to-date symlink: /home/armoumad/robot_ws/install/robot_arm_simulation/share/robot_arm_simulation//meshes/gripper_right2.dae:Zone.Identifier:Zone.Identifier
[0.254s] -- Up-to-date symlink: /home/armoumad/robot_ws/install/robot_arm_simulation/share/robot_arm_simulation//meshes/gripper_right3.dae
[0.254s] -- Up-to-date symlink: /home/armoumad/robot_ws/install/robot_arm_simulation/share/robot_arm_simulation//meshes/gripper_right3.dae:Zone.Identifier
[0.254s] -- Up-to-date symlink: /home/armoumad/robot_ws/install/robot_arm_simulation/share/robot_arm_simulation//meshes/gripper_right3.dae:Zone.Identifier:Zone.Identifier
[0.254s] -- Up-to-date symlink: /home/armoumad/robot_ws/install/robot_arm_simulation/share/robot_arm_simulation//meshes/upper_arm.dae
[0.255s] -- Up-to-date symlink: /home/armoumad/robot_ws/install/robot_arm_simulation/share/robot_arm_simulation//meshes/upper_arm.dae:Zone.Identifier
[0.255s] -- Up-to-date symlink: /home/armoumad/robot_ws/install/robot_arm_simulation/share/robot_arm_simulation//urdf/gripper_mimic_plugins.xacro
[0.255s] -- Up-to-date symlink: /home/armoumad/robot_ws/install/robot_arm_simulation/share/robot_arm_simulation//urdf/inertial_macros.xacro
[0.256s] -- Up-to-date symlink: /home/armoumad/robot_ws/install/robot_arm_simulation/share/robot_arm_simulation//urdf/robot_arm.urdf.xacro
[0.256s] -- Up-to-date symlink: /home/armoumad/robot_ws/install/robot_arm_simulation/share/robot_arm_simulation//config/arm_controllers.yaml
[0.256s] -- Up-to-date symlink: /home/armoumad/robot_ws/install/robot_arm_simulation/share/robot_arm_simulation//rviz/arm_config.rivz
[0.257s] -- Up-to-date symlink: /home/armoumad/robot_ws/install/robot_arm_simulation/share/robot_arm_simulation//worlds/empty.world
[0.257s] -- Up-to-date symlink: /home/armoumad/robot_ws/install/robot_arm_simulation/lib/robot_arm_simulation/arm_controller.py
[0.258s] -- Up-to-date symlink: /home/armoumad/robot_ws/install/robot_arm_simulation/lib/robot_arm_simulation/joint_positions_publisher.py
[0.258s] -- Up-to-date symlink: /home/armoumad/robot_ws/install/robot_arm_simulation/share/ament_index/resource_index/package_run_dependencies/robot_arm_simulation
[0.258s] -- Up-to-date symlink: /home/armoumad/robot_ws/install/robot_arm_simulation/share/ament_index/resource_index/parent_prefix_path/robot_arm_simulation
[0.259s] -- Up-to-date symlink: /home/armoumad/robot_ws/install/robot_arm_simulation/share/robot_arm_simulation/environment/ament_prefix_path.sh
[0.259s] -- Up-to-date symlink: /home/armoumad/robot_ws/install/robot_arm_simulation/share/robot_arm_simulation/environment/ament_prefix_path.dsv
[0.259s] -- Up-to-date symlink: /home/armoumad/robot_ws/install/robot_arm_simulation/share/robot_arm_simulation/environment/path.sh
[0.259s] -- Up-to-date symlink: /home/armoumad/robot_ws/install/robot_arm_simulation/share/robot_arm_simulation/environment/path.dsv
[0.260s] -- Up-to-date symlink: /home/armoumad/robot_ws/install/robot_arm_simulation/share/robot_arm_simulation/local_setup.bash
[0.260s] -- Up-to-date symlink: /home/armoumad/robot_ws/install/robot_arm_simulation/share/robot_arm_simulation/local_setup.sh
[0.260s] -- Up-to-date symlink: /home/armoumad/robot_ws/install/robot_arm_simulation/share/robot_arm_simulation/local_setup.zsh
[0.261s] -- Up-to-date symlink: /home/armoumad/robot_ws/install/robot_arm_simulation/share/robot_arm_simulation/local_setup.dsv
[0.261s] -- Symlinking: /home/armoumad/robot_ws/install/robot_arm_simulation/share/robot_arm_simulation/package.dsv
[0.270s] -- Up-to-date symlink: /home/armoumad/robot_ws/install/robot_arm_simulation/share/ament_index/resource_index/packages/robot_arm_simulation
[0.270s] -- Up-to-date symlink: /home/armoumad/robot_ws/install/robot_arm_simulation/share/robot_arm_simulation/cmake/robot_arm_simulationConfig.cmake
[0.271s] -- Up-to-date symlink: /home/armoumad/robot_ws/install/robot_arm_simulation/share/robot_arm_simulation/cmake/robot_arm_simulationConfig-version.cmake
[0.271s] -- Up-to-date symlink: /home/armoumad/robot_ws/install/robot_arm_simulation/share/robot_arm_simulation/package.xml
[0.273s] Invoked command in '/home/armoumad/robot_ws/build/robot_arm_simulation' returned '0': CMAKE_PREFIX_PATH=${CMAKE_PREFIX_PATH}:/opt/ros/humble /usr/bin/cmake --install /home/armoumad/robot_ws/build/robot_arm_simulation
