[0.033s] Invoking command in '/home/armoumad/robot_ws/build/robot_arm_simulation': CMAKE_PREFIX_PATH=/opt/ros/humble /usr/bin/cmake /home/armoumad/robot_ws/src/robot_arm_simulation -DAMENT_CMAKE_SYMLINK_INSTALL=1 -DCMAKE_INSTALL_PREFIX=/home/armoumad/robot_ws/install/robot_arm_simulation
[0.471s] -- The C compiler identification is GNU 11.4.0
[1.205s] -- The CXX compiler identification is GNU 11.4.0
[1.686s] -- Detecting C compiler ABI info
[1.879s] -- Detecting C compiler ABI info - done
[1.885s] -- Check for working C compiler: /usr/bin/cc - skipped
[1.885s] -- Detecting C compile features
[1.887s] -- Detecting C compile features - done
[1.892s] -- Detecting CXX compiler ABI info
[2.091s] -- Detecting CXX compiler ABI info - done
[2.097s] -- Check for working CXX compiler: /usr/bin/c++ - skipped
[2.097s] -- Detecting CXX compile features
[2.098s] -- Detecting CXX compile features - done
[2.119s] -- Found ament_cmake: 1.3.11 (/opt/ros/humble/share/ament_cmake/cmake)
[2.260s] -- Found Python3: /usr/bin/python3 (found version "3.10.12") found components: Interpreter 
[2.341s] -- Override CMake install command with custom implementation using symlinks instead of copying resources
[2.393s] -- Found rclcpp: 16.0.12 (/opt/ros/humble/share/rclcpp/cmake)
[2.661s] -- Found rosidl_generator_c: 3.1.6 (/opt/ros/humble/share/rosidl_generator_c/cmake)
[2.669s] -- Found rosidl_adapter: 3.1.6 (/opt/ros/humble/share/rosidl_adapter/cmake)
[2.683s] -- Found rosidl_generator_cpp: 3.1.6 (/opt/ros/humble/share/rosidl_generator_cpp/cmake)
[2.708s] -- Using all available rosidl_typesupport_c: rosidl_typesupport_fastrtps_c;rosidl_typesupport_introspection_c
[2.733s] -- Using all available rosidl_typesupport_cpp: rosidl_typesupport_fastrtps_cpp;rosidl_typesupport_introspection_cpp
[2.829s] -- Found rmw_implementation_cmake: 6.1.2 (/opt/ros/humble/share/rmw_implementation_cmake/cmake)
[2.835s] -- Found rmw_fastrtps_cpp: 6.2.7 (/opt/ros/humble/share/rmw_fastrtps_cpp/cmake)
[4.520s] -- Found OpenSSL: /usr/lib/x86_64-linux-gnu/libcrypto.so (found version "3.0.2")  
[6.718s] -- Found FastRTPS: /opt/ros/humble/include  
[9.791s] -- Using RMW implementation 'rmw_fastrtps_cpp' as default
[9.805s] -- Looking for pthread.h
[9.996s] -- Looking for pthread.h - found
[9.996s] -- Performing Test CMAKE_HAVE_LIBC_PTHREAD
[10.159s] -- Performing Test CMAKE_HAVE_LIBC_PTHREAD - Success
[10.160s] -- Found Threads: TRUE  
[10.239s] -- Found rclpy: 3.3.16 (/opt/ros/humble/share/rclpy/cmake)
[10.242s] -- Found geometry_msgs: 4.9.0 (/opt/ros/humble/share/geometry_msgs/cmake)
[10.271s] -- Found sensor_msgs: 4.9.0 (/opt/ros/humble/share/sensor_msgs/cmake)
[10.297s] -- Found trajectory_msgs: 4.9.0 (/opt/ros/humble/share/trajectory_msgs/cmake)
[10.331s] -- Found urdf: 2.6.1 (/opt/ros/humble/share/urdf/cmake)
[11.944s] -- Found robot_state_publisher: 3.0.3 (/opt/ros/humble/share/robot_state_publisher/cmake)
[12.015s] -- Found eigen3_cmake_module: 0.1.1 (/opt/ros/humble/share/eigen3_cmake_module/cmake)
[12.017s] -- Found Eigen3: TRUE (found version "3.4.0") 
[12.017s] -- Ensuring Eigen3 include directory is part of orocos-kdl CMake target
[13.726s] [31mCMake Error at CMakeLists.txt:18 (find_package):
[13.726s]   By not providing "Findjoint_state_publisher.cmake" in CMAKE_MODULE_PATH
[13.726s]   this project has asked CMake to find a package configuration file provided
[13.726s]   by "joint_state_publisher", but CMake did not find one.
[13.726s] 
[13.726s]   Could not find a package configuration file provided by
[13.726s]   "joint_state_publisher" with any of the following names:
[13.726s] 
[13.726s]     joint_state_publisherConfig.cmake
[13.726s]     joint_state_publisher-config.cmake
[13.726s] 
[13.726s]   Add the installation prefix of "joint_state_publisher" to CMAKE_PREFIX_PATH
[13.726s]   or set "joint_state_publisher_DIR" to a directory containing one of the
[13.726s]   above files.  If "joint_state_publisher" provides a separate development
[13.726s]   package or SDK, be sure it has been installed.
[13.726s] 
[13.726s] [0m
[13.726s] -- Configuring incomplete, errors occurred!
[13.727s] See also "/home/armoumad/robot_ws/build/robot_arm_simulation/CMakeFiles/CMakeOutput.log".
[13.737s] Invoked command in '/home/armoumad/robot_ws/build/robot_arm_simulation' returned '1': CMAKE_PREFIX_PATH=/opt/ros/humble /usr/bin/cmake /home/armoumad/robot_ws/src/robot_arm_simulation -DAMENT_CMAKE_SYMLINK_INSTALL=1 -DCMAKE_INSTALL_PREFIX=/home/armoumad/robot_ws/install/robot_arm_simulation
