[0.634s] DEBUG:colcon:Command line arguments: ['/usr/bin/colcon', 'build', '--symlink-install']
[0.634s] DEBUG:colcon:Parsed command line arguments: Namespace(log_base=None, log_level=None, verb_name='build', build_base='build', install_base='install', merge_install=False, symlink_install=True, test_result_base=None, continue_on_error=False, executor='parallel', parallel_workers=8, event_handlers=None, ignore_user_meta=False, metas=['./colcon.meta'], base_paths=['.'], packages_ignore=None, packages_ignore_regex=None, paths=None, packages_up_to=None, packages_up_to_regex=None, packages_above=None, packages_above_and_dependencies=None, packages_above_depth=None, packages_select_by_dep=None, packages_skip_by_dep=None, packages_skip_up_to=None, packages_select_build_failed=False, packages_skip_build_finished=False, packages_select_test_failures=False, packages_skip_test_passed=False, packages_select=None, packages_skip=None, packages_select_regex=None, packages_skip_regex=None, packages_start=None, packages_end=None, allow_overriding=[], cmake_args=None, cmake_target=None, cmake_target_skip_unavailable=False, cmake_clean_cache=False, cmake_clean_first=False, cmake_force_configure=False, ament_cmake_args=None, catkin_cmake_args=None, catkin_skip_building_tests=False, verb_parser=<colcon_defaults.argument_parser.defaults.DefaultArgumentsDecorator object at 0x7ce11da6db70>, verb_extension=<colcon_core.verb.build.BuildVerb object at 0x7ce11db6b5b0>, main=<bound method BuildVerb.main of <colcon_core.verb.build.BuildVerb object at 0x7ce11db6b5b0>>)
[1.081s] Level 1:colcon.colcon_core.package_discovery:discover_packages(colcon_meta) check parameters
[1.081s] Level 1:colcon.colcon_core.package_discovery:discover_packages(recursive) check parameters
[1.081s] Level 1:colcon.colcon_core.package_discovery:discover_packages(ignore) check parameters
[1.081s] Level 1:colcon.colcon_core.package_discovery:discover_packages(path) check parameters
[1.081s] Level 1:colcon.colcon_core.package_discovery:discover_packages(colcon_meta) discover
[1.081s] Level 1:colcon.colcon_core.package_discovery:discover_packages(recursive) discover
[1.081s] INFO:colcon.colcon_core.package_discovery:Crawling recursively for packages in '/home/armoumad/robot_ws'
[1.081s] Level 1:colcon.colcon_core.package_identification:_identify(.) by extensions ['ignore', 'ignore_ament_install']
[1.082s] Level 1:colcon.colcon_core.package_identification:_identify(.) by extension 'ignore'
[1.082s] Level 1:colcon.colcon_core.package_identification:_identify(.) by extension 'ignore_ament_install'
[1.082s] Level 1:colcon.colcon_core.package_identification:_identify(.) by extensions ['colcon_pkg']
[1.082s] Level 1:colcon.colcon_core.package_identification:_identify(.) by extension 'colcon_pkg'
[1.082s] Level 1:colcon.colcon_core.package_identification:_identify(.) by extensions ['colcon_meta']
[1.082s] Level 1:colcon.colcon_core.package_identification:_identify(.) by extension 'colcon_meta'
[1.083s] Level 1:colcon.colcon_core.package_identification:_identify(.) by extensions ['ros']
[1.083s] Level 1:colcon.colcon_core.package_identification:_identify(.) by extension 'ros'
[1.107s] Level 1:colcon.colcon_core.package_identification:_identify(.) by extensions ['cmake', 'python']
[1.107s] Level 1:colcon.colcon_core.package_identification:_identify(.) by extension 'cmake'
[1.107s] Level 1:colcon.colcon_core.package_identification:_identify(.) by extension 'python'
[1.107s] Level 1:colcon.colcon_core.package_identification:_identify(.) by extensions ['python_setup_py']
[1.107s] Level 1:colcon.colcon_core.package_identification:_identify(.) by extension 'python_setup_py'
[1.108s] Level 1:colcon.colcon_core.package_identification:_identify(build) by extensions ['ignore', 'ignore_ament_install']
[1.108s] Level 1:colcon.colcon_core.package_identification:_identify(build) by extension 'ignore'
[1.108s] Level 1:colcon.colcon_core.package_identification:_identify(build) ignored
[1.108s] Level 1:colcon.colcon_core.package_identification:_identify(install) by extensions ['ignore', 'ignore_ament_install']
[1.109s] Level 1:colcon.colcon_core.package_identification:_identify(install) by extension 'ignore'
[1.109s] Level 1:colcon.colcon_core.package_identification:_identify(install) ignored
[1.109s] Level 1:colcon.colcon_core.package_identification:_identify(log) by extensions ['ignore', 'ignore_ament_install']
[1.109s] Level 1:colcon.colcon_core.package_identification:_identify(log) by extension 'ignore'
[1.109s] Level 1:colcon.colcon_core.package_identification:_identify(log) ignored
[1.109s] Level 1:colcon.colcon_core.package_identification:_identify(src) by extensions ['ignore', 'ignore_ament_install']
[1.109s] Level 1:colcon.colcon_core.package_identification:_identify(src) by extension 'ignore'
[1.109s] Level 1:colcon.colcon_core.package_identification:_identify(src) by extension 'ignore_ament_install'
[1.109s] Level 1:colcon.colcon_core.package_identification:_identify(src) by extensions ['colcon_pkg']
[1.109s] Level 1:colcon.colcon_core.package_identification:_identify(src) by extension 'colcon_pkg'
[1.109s] Level 1:colcon.colcon_core.package_identification:_identify(src) by extensions ['colcon_meta']
[1.109s] Level 1:colcon.colcon_core.package_identification:_identify(src) by extension 'colcon_meta'
[1.109s] Level 1:colcon.colcon_core.package_identification:_identify(src) by extensions ['ros']
[1.109s] Level 1:colcon.colcon_core.package_identification:_identify(src) by extension 'ros'
[1.109s] Level 1:colcon.colcon_core.package_identification:_identify(src) by extensions ['cmake', 'python']
[1.109s] Level 1:colcon.colcon_core.package_identification:_identify(src) by extension 'cmake'
[1.109s] Level 1:colcon.colcon_core.package_identification:_identify(src) by extension 'python'
[1.109s] Level 1:colcon.colcon_core.package_identification:_identify(src) by extensions ['python_setup_py']
[1.109s] Level 1:colcon.colcon_core.package_identification:_identify(src) by extension 'python_setup_py'
[1.109s] Level 1:colcon.colcon_core.package_identification:_identify(src/robot_arm_simulation) by extensions ['ignore', 'ignore_ament_install']
[1.109s] Level 1:colcon.colcon_core.package_identification:_identify(src/robot_arm_simulation) by extension 'ignore'
[1.110s] Level 1:colcon.colcon_core.package_identification:_identify(src/robot_arm_simulation) by extension 'ignore_ament_install'
[1.110s] Level 1:colcon.colcon_core.package_identification:_identify(src/robot_arm_simulation) by extensions ['colcon_pkg']
[1.110s] Level 1:colcon.colcon_core.package_identification:_identify(src/robot_arm_simulation) by extension 'colcon_pkg'
[1.110s] Level 1:colcon.colcon_core.package_identification:_identify(src/robot_arm_simulation) by extensions ['colcon_meta']
[1.110s] Level 1:colcon.colcon_core.package_identification:_identify(src/robot_arm_simulation) by extension 'colcon_meta'
[1.110s] Level 1:colcon.colcon_core.package_identification:_identify(src/robot_arm_simulation) by extensions ['ros']
[1.110s] Level 1:colcon.colcon_core.package_identification:_identify(src/robot_arm_simulation) by extension 'ros'
[1.125s] DEBUG:colcon.colcon_core.package_identification:Package 'src/robot_arm_simulation' with type 'ros.ament_cmake' and name 'robot_arm_simulation'
[1.125s] Level 1:colcon.colcon_core.package_discovery:discover_packages(recursive) using defaults
[1.125s] Level 1:colcon.colcon_core.package_discovery:discover_packages(ignore) discover
[1.125s] Level 1:colcon.colcon_core.package_discovery:discover_packages(ignore) using defaults
[1.125s] Level 1:colcon.colcon_core.package_discovery:discover_packages(path) discover
[1.125s] Level 1:colcon.colcon_core.package_discovery:discover_packages(path) using defaults
[1.175s] Level 1:colcon.colcon_core.package_discovery:discover_packages(prefix_path) check parameters
[1.175s] Level 1:colcon.colcon_core.package_discovery:discover_packages(prefix_path) discover
[1.182s] DEBUG:colcon.colcon_installed_package_information.package_discovery:Found 1 installed packages in /home/armoumad/robot_ws/install
[1.186s] DEBUG:colcon.colcon_installed_package_information.package_discovery:Found 485 installed packages in /opt/ros/humble
[1.189s] Level 1:colcon.colcon_core.package_discovery:discover_packages(prefix_path) using defaults
[1.413s] Level 5:colcon.colcon_core.verb:set package 'robot_arm_simulation' build argument 'cmake_args' from command line to 'None'
[1.413s] Level 5:colcon.colcon_core.verb:set package 'robot_arm_simulation' build argument 'cmake_target' from command line to 'None'
[1.413s] Level 5:colcon.colcon_core.verb:set package 'robot_arm_simulation' build argument 'cmake_target_skip_unavailable' from command line to 'False'
[1.413s] Level 5:colcon.colcon_core.verb:set package 'robot_arm_simulation' build argument 'cmake_clean_cache' from command line to 'False'
[1.413s] Level 5:colcon.colcon_core.verb:set package 'robot_arm_simulation' build argument 'cmake_clean_first' from command line to 'False'
[1.413s] Level 5:colcon.colcon_core.verb:set package 'robot_arm_simulation' build argument 'cmake_force_configure' from command line to 'False'
[1.413s] Level 5:colcon.colcon_core.verb:set package 'robot_arm_simulation' build argument 'ament_cmake_args' from command line to 'None'
[1.413s] Level 5:colcon.colcon_core.verb:set package 'robot_arm_simulation' build argument 'catkin_cmake_args' from command line to 'None'
[1.413s] Level 5:colcon.colcon_core.verb:set package 'robot_arm_simulation' build argument 'catkin_skip_building_tests' from command line to 'False'
[1.413s] DEBUG:colcon.colcon_core.verb:Building package 'robot_arm_simulation' with the following arguments: {'ament_cmake_args': None, 'build_base': '/home/armoumad/robot_ws/build/robot_arm_simulation', 'catkin_cmake_args': None, 'catkin_skip_building_tests': False, 'cmake_args': None, 'cmake_clean_cache': False, 'cmake_clean_first': False, 'cmake_force_configure': False, 'cmake_target': None, 'cmake_target_skip_unavailable': False, 'install_base': '/home/armoumad/robot_ws/install/robot_arm_simulation', 'merge_install': False, 'path': '/home/armoumad/robot_ws/src/robot_arm_simulation', 'symlink_install': True, 'test_result_base': None}
[1.413s] INFO:colcon.colcon_core.executor:Executing jobs using 'parallel' executor
[1.415s] DEBUG:colcon.colcon_parallel_executor.executor.parallel:run_until_complete
[1.415s] INFO:colcon.colcon_ros.task.ament_cmake.build:Building ROS package in '/home/armoumad/robot_ws/src/robot_arm_simulation' with build type 'ament_cmake'
[1.415s] INFO:colcon.colcon_cmake.task.cmake.build:Building CMake package in '/home/armoumad/robot_ws/src/robot_arm_simulation'
[1.423s] INFO:colcon.colcon_core.plugin_system:Skipping extension 'colcon_core.shell.bat': Not used on non-Windows systems
[1.424s] INFO:colcon.colcon_core.shell:Skip shell extension 'powershell' for command environment: Not usable outside of PowerShell
[1.424s] DEBUG:colcon.colcon_core.shell:Skip shell extension 'dsv' for command environment
[1.447s] DEBUG:colcon.colcon_core.event_handler.log_command:Invoking command in '/home/armoumad/robot_ws/build/robot_arm_simulation': CMAKE_PREFIX_PATH=${CMAKE_PREFIX_PATH}:/opt/ros/humble /usr/bin/cmake --build /home/armoumad/robot_ws/build/robot_arm_simulation -- -j8 -l8
[1.631s] DEBUG:colcon.colcon_core.event_handler.log_command:Invoked command in '/home/armoumad/robot_ws/build/robot_arm_simulation' returned '0': CMAKE_PREFIX_PATH=${CMAKE_PREFIX_PATH}:/opt/ros/humble /usr/bin/cmake --build /home/armoumad/robot_ws/build/robot_arm_simulation -- -j8 -l8
[1.646s] DEBUG:colcon.colcon_core.event_handler.log_command:Invoking command in '/home/armoumad/robot_ws/build/robot_arm_simulation': CMAKE_PREFIX_PATH=${CMAKE_PREFIX_PATH}:/opt/ros/humble /usr/bin/cmake --install /home/armoumad/robot_ws/build/robot_arm_simulation
[1.688s] Level 1:colcon.colcon_core.environment:create_environment_scripts_only(robot_arm_simulation)
[1.689s] DEBUG:colcon.colcon_core.event_handler.log_command:Invoked command in '/home/armoumad/robot_ws/build/robot_arm_simulation' returned '0': CMAKE_PREFIX_PATH=${CMAKE_PREFIX_PATH}:/opt/ros/humble /usr/bin/cmake --install /home/armoumad/robot_ws/build/robot_arm_simulation
[1.694s] Level 1:colcon.colcon_core.environment:checking '/home/armoumad/robot_ws/install/robot_arm_simulation' for CMake module files
[1.695s] Level 1:colcon.colcon_core.environment:checking '/home/armoumad/robot_ws/install/robot_arm_simulation' for CMake config files
[1.698s] Level 1:colcon.colcon_core.shell:create_environment_hook('robot_arm_simulation', 'cmake_prefix_path')
[1.698s] INFO:colcon.colcon_core.shell:Creating environment hook '/home/armoumad/robot_ws/install/robot_arm_simulation/share/robot_arm_simulation/hook/cmake_prefix_path.ps1'
[1.699s] INFO:colcon.colcon_core.shell:Creating environment descriptor '/home/armoumad/robot_ws/install/robot_arm_simulation/share/robot_arm_simulation/hook/cmake_prefix_path.dsv'
[1.699s] INFO:colcon.colcon_core.shell:Creating environment hook '/home/armoumad/robot_ws/install/robot_arm_simulation/share/robot_arm_simulation/hook/cmake_prefix_path.sh'
[1.700s] Level 1:colcon.colcon_core.environment:checking '/home/armoumad/robot_ws/install/robot_arm_simulation/lib'
[1.701s] Level 1:colcon.colcon_core.environment:checking '/home/armoumad/robot_ws/install/robot_arm_simulation/bin'
[1.701s] Level 1:colcon.colcon_core.environment:checking '/home/armoumad/robot_ws/install/robot_arm_simulation/lib/pkgconfig/robot_arm_simulation.pc'
[1.701s] Level 1:colcon.colcon_core.environment:checking '/home/armoumad/robot_ws/install/robot_arm_simulation/lib/python3.10/site-packages'
[1.701s] Level 1:colcon.colcon_core.environment:checking '/home/armoumad/robot_ws/install/robot_arm_simulation/bin'
[1.702s] INFO:colcon.colcon_core.shell:Creating package script '/home/armoumad/robot_ws/install/robot_arm_simulation/share/robot_arm_simulation/package.ps1'
[1.703s] INFO:colcon.colcon_core.shell:Creating package descriptor '/home/armoumad/robot_ws/install/robot_arm_simulation/share/robot_arm_simulation/package.dsv'
[1.703s] INFO:colcon.colcon_core.shell:Creating package script '/home/armoumad/robot_ws/install/robot_arm_simulation/share/robot_arm_simulation/package.sh'
[1.704s] INFO:colcon.colcon_core.shell:Creating package script '/home/armoumad/robot_ws/install/robot_arm_simulation/share/robot_arm_simulation/package.bash'
[1.706s] INFO:colcon.colcon_core.shell:Creating package script '/home/armoumad/robot_ws/install/robot_arm_simulation/share/robot_arm_simulation/package.zsh'
[1.707s] Level 1:colcon.colcon_core.environment:create_file_with_runtime_dependencies(/home/armoumad/robot_ws/install/robot_arm_simulation/share/colcon-core/packages/robot_arm_simulation)
[1.707s] Level 1:colcon.colcon_core.environment:create_environment_scripts_only(robot_arm_simulation)
[1.707s] Level 1:colcon.colcon_core.environment:checking '/home/armoumad/robot_ws/install/robot_arm_simulation' for CMake module files
[1.708s] Level 1:colcon.colcon_core.environment:checking '/home/armoumad/robot_ws/install/robot_arm_simulation' for CMake config files
[1.708s] Level 1:colcon.colcon_core.shell:create_environment_hook('robot_arm_simulation', 'cmake_prefix_path')
[1.708s] INFO:colcon.colcon_core.shell:Creating environment hook '/home/armoumad/robot_ws/install/robot_arm_simulation/share/robot_arm_simulation/hook/cmake_prefix_path.ps1'
[1.709s] INFO:colcon.colcon_core.shell:Creating environment descriptor '/home/armoumad/robot_ws/install/robot_arm_simulation/share/robot_arm_simulation/hook/cmake_prefix_path.dsv'
[1.709s] INFO:colcon.colcon_core.shell:Creating environment hook '/home/armoumad/robot_ws/install/robot_arm_simulation/share/robot_arm_simulation/hook/cmake_prefix_path.sh'
[1.709s] Level 1:colcon.colcon_core.environment:checking '/home/armoumad/robot_ws/install/robot_arm_simulation/lib'
[1.709s] Level 1:colcon.colcon_core.environment:checking '/home/armoumad/robot_ws/install/robot_arm_simulation/bin'
[1.709s] Level 1:colcon.colcon_core.environment:checking '/home/armoumad/robot_ws/install/robot_arm_simulation/lib/pkgconfig/robot_arm_simulation.pc'
[1.709s] Level 1:colcon.colcon_core.environment:checking '/home/armoumad/robot_ws/install/robot_arm_simulation/lib/python3.10/site-packages'
[1.710s] Level 1:colcon.colcon_core.environment:checking '/home/armoumad/robot_ws/install/robot_arm_simulation/bin'
[1.710s] INFO:colcon.colcon_core.shell:Creating package script '/home/armoumad/robot_ws/install/robot_arm_simulation/share/robot_arm_simulation/package.ps1'
[1.710s] INFO:colcon.colcon_core.shell:Creating package descriptor '/home/armoumad/robot_ws/install/robot_arm_simulation/share/robot_arm_simulation/package.dsv'
[1.710s] INFO:colcon.colcon_core.shell:Creating package script '/home/armoumad/robot_ws/install/robot_arm_simulation/share/robot_arm_simulation/package.sh'
[1.711s] INFO:colcon.colcon_core.shell:Creating package script '/home/armoumad/robot_ws/install/robot_arm_simulation/share/robot_arm_simulation/package.bash'
[1.711s] INFO:colcon.colcon_core.shell:Creating package script '/home/armoumad/robot_ws/install/robot_arm_simulation/share/robot_arm_simulation/package.zsh'
[1.711s] Level 1:colcon.colcon_core.environment:create_file_with_runtime_dependencies(/home/armoumad/robot_ws/install/robot_arm_simulation/share/colcon-core/packages/robot_arm_simulation)
[1.712s] DEBUG:colcon.colcon_parallel_executor.executor.parallel:closing loop
[1.712s] DEBUG:colcon.colcon_parallel_executor.executor.parallel:loop closed
[1.712s] DEBUG:colcon.colcon_parallel_executor.executor.parallel:run_until_complete finished with '0'
[1.712s] DEBUG:colcon.colcon_core.event_reactor:joining thread
[1.727s] INFO:colcon.colcon_core.plugin_system:Skipping extension 'colcon_notification.desktop_notification.terminal_notifier': Not used on non-Darwin systems
[1.727s] INFO:colcon.colcon_core.plugin_system:Skipping extension 'colcon_notification.desktop_notification.win32': Not used on non-Windows systems
[1.727s] INFO:colcon.colcon_notification.desktop_notification:Sending desktop notification using 'notify2'
[1.734s] DEBUG:colcon.colcon_notification.desktop_notification.notify2:Failed to initialize notify2: org.freedesktop.DBus.Error.ServiceUnknown: The name org.freedesktop.Notifications was not provided by any .service files
[1.734s] DEBUG:colcon.colcon_core.event_reactor:joined thread
[1.734s] INFO:colcon.colcon_core.shell:Creating prefix script '/home/armoumad/robot_ws/install/local_setup.ps1'
[1.735s] INFO:colcon.colcon_core.shell:Creating prefix util module '/home/armoumad/robot_ws/install/_local_setup_util_ps1.py'
[1.737s] INFO:colcon.colcon_core.shell:Creating prefix chain script '/home/armoumad/robot_ws/install/setup.ps1'
[1.738s] INFO:colcon.colcon_core.shell:Creating prefix script '/home/armoumad/robot_ws/install/local_setup.sh'
[1.739s] INFO:colcon.colcon_core.shell:Creating prefix util module '/home/armoumad/robot_ws/install/_local_setup_util_sh.py'
[1.739s] INFO:colcon.colcon_core.shell:Creating prefix chain script '/home/armoumad/robot_ws/install/setup.sh'
[1.740s] INFO:colcon.colcon_core.shell:Creating prefix script '/home/armoumad/robot_ws/install/local_setup.bash'
[1.741s] INFO:colcon.colcon_core.shell:Creating prefix chain script '/home/armoumad/robot_ws/install/setup.bash'
[1.742s] INFO:colcon.colcon_core.shell:Creating prefix script '/home/armoumad/robot_ws/install/local_setup.zsh'
[1.742s] INFO:colcon.colcon_core.shell:Creating prefix chain script '/home/armoumad/robot_ws/install/setup.zsh'
